[ 2015-04-27T11:00:32+08:00 ] NOTIC: [2048] Declaration of FindexAction::redirect() should be compatible with that of Action::redirect() FindexAction.class.php 第 37 行.
[ 2015-04-27T11:00:32+08:00 ] NOTIC: [2048] Only variables should be assigned by reference FbaseAction.class.php 第 135 行.
[ 2015-04-27T11:00:32+08:00 ] NOTIC: [8] Undefined index:  forward FbaseAction.class.php 第 137 行.
[ 2015-04-27T11:00:32+08:00 ] SQL:  RunTime:0.017514s SQL = SHOW COLUMNS FROM fangfa_category
[ 2015-04-27T11:00:32+08:00 ] SQL:  RunTime:0.007086s SQL = SELECT * FROM `fangfa_category` WHERE catid=18 LIMIT 1 
[ 2015-04-27T11:00:32+08:00 ] SQL:  RunTime:0.017052s SQL = SHOW COLUMNS FROM fangfa_mobilemenu
[ 2015-04-27T11:00:32+08:00 ] NOTIC: [8] Undefined variable: id function.ffwapmenu.php 第 24 行.
[ 2015-04-27T11:00:32+08:00 ] SQL:  RunTime:0.000360s SQL = SELECT id,name,url,catid,description FROM `fangfa_mobilemenu` ORDER BY sort asc,create_time desc
[ 2015-04-27T11:00:32+08:00 ] NOTIC: [8] Undefined index:  data %%77^774^774BE9C9%%index.html.php 第 11 行.
[ 2015-04-27T11:14:03+08:00 ] NOTIC: [2048] Declaration of FindexAction::redirect() should be compatible with that of Action::redirect() FindexAction.class.php 第 37 行.
[ 2015-04-27T11:14:03+08:00 ] NOTIC: [2048] Only variables should be assigned by reference FbaseAction.class.php 第 135 行.
[ 2015-04-27T11:14:03+08:00 ] NOTIC: [8] Undefined index:  forward FbaseAction.class.php 第 137 行.
[ 2015-04-27T11:14:03+08:00 ] SQL:  RunTime:0.001862s SQL = SHOW COLUMNS FROM fangfa_category
[ 2015-04-27T11:14:03+08:00 ] SQL:  RunTime:0.000122s SQL = SELECT * FROM `fangfa_category` WHERE catid=18 LIMIT 1 
[ 2015-04-27T11:14:03+08:00 ] SQL:  RunTime:0.001167s SQL = SHOW COLUMNS FROM fangfa_mobilemenu
[ 2015-04-27T11:14:03+08:00 ] NOTIC: [8] Undefined variable: id function.ffwapmenu.php 第 24 行.
[ 2015-04-27T11:14:03+08:00 ] SQL:  RunTime:0.000086s SQL = SELECT id,name,url,catid,description FROM `fangfa_mobilemenu` ORDER BY sort asc,create_time desc
[ 2015-04-27T11:14:03+08:00 ] NOTIC: [8] Undefined index:  data %%77^774^774BE9C9%%index.html.php 第 11 行.
[ 2015-04-27T11:38:51+08:00 ] NOTIC: [2048] Declaration of FindexAction::redirect() should be compatible with that of Action::redirect() FindexAction.class.php 第 37 行.
[ 2015-04-27T11:38:51+08:00 ] NOTIC: [2048] Only variables should be assigned by reference FbaseAction.class.php 第 135 行.
[ 2015-04-27T11:38:51+08:00 ] NOTIC: [8] Undefined index:  forward FbaseAction.class.php 第 137 行.
[ 2015-04-27T11:38:51+08:00 ] SQL:  RunTime:0.002426s SQL = SHOW COLUMNS FROM fangfa_category
[ 2015-04-27T11:38:51+08:00 ] SQL:  RunTime:0.000152s SQL = SELECT * FROM `fangfa_category` WHERE catid=18 LIMIT 1 
[ 2015-04-27T11:38:51+08:00 ] SQL:  RunTime:0.001686s SQL = SHOW COLUMNS FROM fangfa_mobilemenu
[ 2015-04-27T11:38:51+08:00 ] NOTIC: [8] Undefined variable: id function.ffwapmenu.php 第 24 行.
[ 2015-04-27T11:38:51+08:00 ] SQL:  RunTime:0.000142s SQL = SELECT id,name,url,catid,description FROM `fangfa_mobilemenu` ORDER BY sort asc,create_time desc
[ 2015-04-27T11:38:51+08:00 ] NOTIC: [8] Undefined index:  data %%77^774^774BE9C9%%index.html.php 第 11 行.
